app/build/intermediates/manifest_merge_blame_file/release/manifest-merger-blame-release-report.txt
1<?xml version="1.0" encoding="utf-8"?>
2<manifest xmlns:android="http://schemas.android.com/apk/res/android"
3    package="com.ates.bookguide"
4    android:versionCode="8"
5    android:versionName="1.0.4" >
6
7    <uses-sdk
8        android:minSdkVersion="21"
8-->src\main\AndroidManifest.xml
9        android:targetSdkVersion="30" />
9-->src\main\AndroidManifest.xml
10
11    <uses-permission android:name="android.permission.INTERNET" />
11-->src\main\AndroidManifest.xml:5:5-67
11-->src\main\AndroidManifest.xml:5:22-64
12    <uses-permission android:name="android.permission.READ_EXTERNAL_STORAGE" />
12-->src\main\AndroidManifest.xml:6:5-80
12-->src\main\AndroidManifest.xml:6:22-77
13    <uses-permission android:name="android.permission.ACCESS_NETWORK_STATE" />
13-->src\main\AndroidManifest.xml:7:5-79
13-->src\main\AndroidManifest.xml:7:22-76
14    <uses-permission android:name="android.permission.VIBRATE" />
14-->src\main\AndroidManifest.xml:8:5-66
14-->src\main\AndroidManifest.xml:8:22-63
15    <uses-permission android:name="android.permission.WAKE_LOCK" /> <!-- Required by older versions of Google Play services to create IID tokens -->
15-->[com.google.firebase:firebase-iid:21.0.1] AndroidManifest.xml:24:5-68
15-->[com.google.firebase:firebase-iid:21.0.1] AndroidManifest.xml:24:22-65
16    <uses-permission android:name="com.google.android.c2dm.permission.RECEIVE" />
16-->[com.google.firebase:firebase-iid:21.0.1] AndroidManifest.xml:26:5-82
16-->[com.google.firebase:firebase-iid:21.0.1] AndroidManifest.xml:26:22-79
17    <uses-permission android:name="com.google.android.finsky.permission.BIND_GET_INSTALL_REFERRER_SERVICE" />
17-->[com.google.android.gms:play-services-measurement:18.0.0] AndroidManifest.xml:26:5-110
17-->[com.google.android.gms:play-services-measurement:18.0.0] AndroidManifest.xml:26:22-107
18
19    <application
19-->src\main\AndroidManifest.xml:10:5-60:19
20        android:name="com.ates.bookguide.App"
20-->src\main\AndroidManifest.xml:11:9-46
21        android:allowBackup="true"
21-->src\main\AndroidManifest.xml:12:9-35
22        android:appComponentFactory="androidx.core.app.CoreComponentFactory"
22-->[androidx.core:core:1.3.1] AndroidManifest.xml:24:18-86
23        android:icon="@mipmap/ic_launcher"
23-->src\main\AndroidManifest.xml:13:9-43
24        android:label="Kitap Rehberi"
24-->src\main\AndroidManifest.xml:14:9-38
25        android:roundIcon="@mipmap/ic_launcher_round"
25-->src\main\AndroidManifest.xml:15:9-54
26        android:supportsRtl="true"
26-->src\main\AndroidManifest.xml:16:9-35
27        android:theme="@style/AppTheme" >
27-->src\main\AndroidManifest.xml:17:9-40
28        <activity android:name="com.ates.bookguide.LoadingScreenActivity" >
28-->src\main\AndroidManifest.xml:18:9-24:20
28-->src\main\AndroidManifest.xml:18:19-74
29            <intent-filter>
29-->src\main\AndroidManifest.xml:19:13-23:29
30                <action android:name="android.intent.action.MAIN" />
30-->src\main\AndroidManifest.xml:20:17-69
30-->src\main\AndroidManifest.xml:20:25-66
31
32                <category android:name="android.intent.category.LAUNCHER" />
32-->src\main\AndroidManifest.xml:22:17-77
32-->src\main\AndroidManifest.xml:22:27-74
33            </intent-filter>
34        </activity>
35        <activity
35-->src\main\AndroidManifest.xml:25:9-27:78
36            android:name="com.ates.bookguide.ForgotPasswordActivity"
36-->src\main\AndroidManifest.xml:26:13-69
37            android:parentActivityName="com.ates.bookguide.SignInActivity" />
37-->src\main\AndroidManifest.xml:27:13-75
38
39        <service
39-->src\main\AndroidManifest.xml:29:9-35:19
40            android:name="com.ates.bookguide.MyFireBaseMessagingService"
40-->src\main\AndroidManifest.xml:30:13-73
41            android:exported="false" >
41-->src\main\AndroidManifest.xml:31:13-37
42            <intent-filter>
42-->src\main\AndroidManifest.xml:32:13-34:29
43                <action android:name="com.google.firebase.MESSAGING_EVENT" />
43-->src\main\AndroidManifest.xml:33:17-78
43-->src\main\AndroidManifest.xml:33:25-75
44            </intent-filter>
45        </service>
46
47        <activity
47-->src\main\AndroidManifest.xml:37:9-39:80
48            android:name="com.ates.bookguide.GetAllBooksActivity"
48-->src\main\AndroidManifest.xml:38:13-66
49            android:parentActivityName="com.ates.bookguide.HomePageActivity" />
49-->src\main\AndroidManifest.xml:39:13-77
50        <activity
50-->src\main\AndroidManifest.xml:40:9-42:80
51            android:name="com.ates.bookguide.AddBookActivity"
51-->src\main\AndroidManifest.xml:41:13-62
52            android:parentActivityName="com.ates.bookguide.HomePageActivity" />
52-->src\main\AndroidManifest.xml:42:13-77
53        <activity android:name="com.ates.bookguide.HomePageActivity" />
53-->src\main\AndroidManifest.xml:43:9-72
53-->src\main\AndroidManifest.xml:43:19-69
54        <activity
54-->src\main\AndroidManifest.xml:44:9-46:76
55            android:name="com.ates.bookguide.SignInActivity"
55-->src\main\AndroidManifest.xml:45:13-61
56            android:parentActivityName="com.ates.bookguide.MainActivity" />
56-->src\main\AndroidManifest.xml:46:13-73
57        <activity
57-->src\main\AndroidManifest.xml:47:9-49:76
58            android:name="com.ates.bookguide.SignUpActivity"
58-->src\main\AndroidManifest.xml:48:13-61
59            android:parentActivityName="com.ates.bookguide.MainActivity" />
59-->src\main\AndroidManifest.xml:49:13-73
60        <activity android:name="com.ates.bookguide.MainActivity" >
60-->src\main\AndroidManifest.xml:50:9-52:20
60-->src\main\AndroidManifest.xml:50:19-65
61        </activity>
62
63        <meta-data
63-->src\main\AndroidManifest.xml:54:9-56:50
64            android:name="com.google.firebase.messaging.default_notification_icon"
64-->src\main\AndroidManifest.xml:55:13-83
65            android:value="test_sound_channel" />
65-->src\main\AndroidManifest.xml:56:13-47
66        <meta-data
66-->src\main\AndroidManifest.xml:57:9-59:57
67            android:name="preloaded_fonts"
67-->src\main\AndroidManifest.xml:58:13-43
68            android:resource="@array/preloaded_fonts" />
68-->src\main\AndroidManifest.xml:59:13-54
69
70        <provider
70-->[com.squareup.picasso:picasso:2.71828] AndroidManifest.xml:8:9-11:40
71            android:name="com.squareup.picasso.PicassoProvider"
71-->[com.squareup.picasso:picasso:2.71828] AndroidManifest.xml:9:13-64
72            android:authorities="com.ates.bookguide.com.squareup.picasso"
72-->[com.squareup.picasso:picasso:2.71828] AndroidManifest.xml:10:13-72
73            android:exported="false" />
73-->[com.squareup.picasso:picasso:2.71828] AndroidManifest.xml:11:13-37
74
75        <activity
75-->[com.google.firebase:firebase-auth:20.0.1] AndroidManifest.xml:27:9-44:20
76            android:name="com.google.firebase.auth.internal.GenericIdpActivity"
76-->[com.google.firebase:firebase-auth:20.0.1] AndroidManifest.xml:28:13-80
77            android:excludeFromRecents="true"
77-->[com.google.firebase:firebase-auth:20.0.1] AndroidManifest.xml:29:13-46
78            android:exported="true"
78-->[com.google.firebase:firebase-auth:20.0.1] AndroidManifest.xml:30:13-36
79            android:launchMode="singleTask"
79-->[com.google.firebase:firebase-auth:20.0.1] AndroidManifest.xml:31:13-44
80            android:theme="@android:style/Theme.Translucent.NoTitleBar" >
80-->[com.google.firebase:firebase-auth:20.0.1] AndroidManifest.xml:32:13-72
81            <intent-filter>
81-->[com.google.firebase:firebase-auth:20.0.1] AndroidManifest.xml:33:13-43:29
82                <action android:name="android.intent.action.VIEW" />
82-->[com.google.firebase:firebase-auth:20.0.1] AndroidManifest.xml:34:17-69
82-->[com.google.firebase:firebase-auth:20.0.1] AndroidManifest.xml:34:25-66
83
84                <category android:name="android.intent.category.DEFAULT" />
84-->[com.google.firebase:firebase-auth:20.0.1] AndroidManifest.xml:36:17-76
84-->[com.google.firebase:firebase-auth:20.0.1] AndroidManifest.xml:36:27-73
85                <category android:name="android.intent.category.BROWSABLE" />
85-->[com.google.firebase:firebase-auth:20.0.1] AndroidManifest.xml:37:17-78
85-->[com.google.firebase:firebase-auth:20.0.1] AndroidManifest.xml:37:27-75
86
87                <data
87-->[com.google.firebase:firebase-auth:20.0.1] AndroidManifest.xml:39:17-42:51
88                    android:host="firebase.auth"
88-->[com.google.firebase:firebase-auth:20.0.1] AndroidManifest.xml:40:21-49
89                    android:path="/"
89-->[com.google.firebase:firebase-auth:20.0.1] AndroidManifest.xml:41:21-37
90                    android:scheme="genericidp" />
90-->[com.google.firebase:firebase-auth:20.0.1] AndroidManifest.xml:42:21-48
91            </intent-filter>
92        </activity>
93        <activity
93-->[com.google.firebase:firebase-auth:20.0.1] AndroidManifest.xml:45:9-62:20
94            android:name="com.google.firebase.auth.internal.RecaptchaActivity"
94-->[com.google.firebase:firebase-auth:20.0.1] AndroidManifest.xml:46:13-79
95            android:excludeFromRecents="true"
95-->[com.google.firebase:firebase-auth:20.0.1] AndroidManifest.xml:47:13-46
96            android:exported="true"
96-->[com.google.firebase:firebase-auth:20.0.1] AndroidManifest.xml:48:13-36
97            android:launchMode="singleTask"
97-->[com.google.firebase:firebase-auth:20.0.1] AndroidManifest.xml:49:13-44
98            android:theme="@android:style/Theme.Translucent.NoTitleBar" >
98-->[com.google.firebase:firebase-auth:20.0.1] AndroidManifest.xml:50:13-72
99            <intent-filter>
99-->[com.google.firebase:firebase-auth:20.0.1] AndroidManifest.xml:51:13-61:29
100                <action android:name="android.intent.action.VIEW" />
100-->[com.google.firebase:firebase-auth:20.0.1] AndroidManifest.xml:34:17-69
100-->[com.google.firebase:firebase-auth:20.0.1] AndroidManifest.xml:34:25-66
101
102                <category android:name="android.intent.category.DEFAULT" />
102-->[com.google.firebase:firebase-auth:20.0.1] AndroidManifest.xml:36:17-76
102-->[com.google.firebase:firebase-auth:20.0.1] AndroidManifest.xml:36:27-73
103                <category android:name="android.intent.category.BROWSABLE" />
103-->[com.google.firebase:firebase-auth:20.0.1] AndroidManifest.xml:37:17-78
103-->[com.google.firebase:firebase-auth:20.0.1] AndroidManifest.xml:37:27-75
104
105                <data
105-->[com.google.firebase:firebase-auth:20.0.1] AndroidManifest.xml:39:17-42:51
106                    android:host="firebase.auth"
106-->[com.google.firebase:firebase-auth:20.0.1] AndroidManifest.xml:40:21-49
107                    android:path="/"
107-->[com.google.firebase:firebase-auth:20.0.1] AndroidManifest.xml:41:21-37
108                    android:scheme="recaptcha" />
108-->[com.google.firebase:firebase-auth:20.0.1] AndroidManifest.xml:42:21-48
109            </intent-filter>
110        </activity>
111
112        <service
112-->[com.google.firebase:firebase-auth:20.0.1] AndroidManifest.xml:64:9-73:19
113            android:name="com.google.firebase.auth.api.fallback.service.FirebaseAuthFallbackService"
113-->[com.google.firebase:firebase-auth:20.0.1] AndroidManifest.xml:65:13-101
114            android:enabled="true"
114-->[com.google.firebase:firebase-auth:20.0.1] AndroidManifest.xml:66:13-35
115            android:exported="false" >
115-->[com.google.firebase:firebase-auth:20.0.1] AndroidManifest.xml:67:13-37
116            <intent-filter>
116-->[com.google.firebase:firebase-auth:20.0.1] AndroidManifest.xml:68:13-72:29
117                <action android:name="com.google.firebase.auth.api.gms.service.START" />
117-->[com.google.firebase:firebase-auth:20.0.1] AndroidManifest.xml:69:17-89
117-->[com.google.firebase:firebase-auth:20.0.1] AndroidManifest.xml:69:25-86
118
119                <category android:name="android.intent.category.DEFAULT" />
119-->[com.google.firebase:firebase-auth:20.0.1] AndroidManifest.xml:36:17-76
119-->[com.google.firebase:firebase-auth:20.0.1] AndroidManifest.xml:36:27-73
120            </intent-filter>
121        </service>
122        <service
122-->[com.google.firebase:firebase-auth:20.0.1] AndroidManifest.xml:74:9-80:19
123            android:name="com.google.firebase.components.ComponentDiscoveryService"
123-->[com.google.firebase:firebase-auth:20.0.1] AndroidManifest.xml:75:13-84
124            android:directBootAware="true"
124-->[com.google.firebase:firebase-common:19.5.0] AndroidManifest.xml:35:13-43
125            android:exported="false" >
125-->[com.google.firebase:firebase-auth:20.0.1] AndroidManifest.xml:76:13-37
126            <meta-data
126-->[com.google.firebase:firebase-auth:20.0.1] AndroidManifest.xml:77:13-79:85
127                android:name="com.google.firebase.components:com.google.firebase.auth.FirebaseAuthRegistrar"
127-->[com.google.firebase:firebase-auth:20.0.1] AndroidManifest.xml:78:17-109
128                android:value="com.google.firebase.components.ComponentRegistrar" />
128-->[com.google.firebase:firebase-auth:20.0.1] AndroidManifest.xml:79:17-82
129            <meta-data
129-->[com.google.firebase:firebase-firestore:22.0.1] AndroidManifest.xml:20:13-22:85
130                android:name="com.google.firebase.components:com.google.firebase.firestore.FirestoreRegistrar"
130-->[com.google.firebase:firebase-firestore:22.0.1] AndroidManifest.xml:21:17-111
131                android:value="com.google.firebase.components.ComponentRegistrar" />
131-->[com.google.firebase:firebase-firestore:22.0.1] AndroidManifest.xml:22:17-82
132            <meta-data
132-->[com.google.firebase:firebase-storage:19.2.1] AndroidManifest.xml:33:13-35:85
133                android:name="com.google.firebase.components:com.google.firebase.storage.StorageRegistrar"
133-->[com.google.firebase:firebase-storage:19.2.1] AndroidManifest.xml:34:17-107
134                android:value="com.google.firebase.components.ComponentRegistrar" />
134-->[com.google.firebase:firebase-storage:19.2.1] AndroidManifest.xml:35:17-82
135            <meta-data
135-->[com.google.firebase:firebase-crashlytics:17.3.0] AndroidManifest.xml:18:13-20:85
136                android:name="com.google.firebase.components:com.google.firebase.crashlytics.CrashlyticsRegistrar"
136-->[com.google.firebase:firebase-crashlytics:17.3.0] AndroidManifest.xml:19:17-115
137                android:value="com.google.firebase.components.ComponentRegistrar" />
137-->[com.google.firebase:firebase-crashlytics:17.3.0] AndroidManifest.xml:20:17-82
138            <meta-data
138-->[com.google.firebase:firebase-messaging:21.0.1] AndroidManifest.xml:39:13-41:85
139                android:name="com.google.firebase.components:com.google.firebase.messaging.FirebaseMessagingRegistrar"
139-->[com.google.firebase:firebase-messaging:21.0.1] AndroidManifest.xml:40:17-119
140                android:value="com.google.firebase.components.ComponentRegistrar" />
140-->[com.google.firebase:firebase-messaging:21.0.1] AndroidManifest.xml:41:17-82
141            <meta-data
141-->[com.google.firebase:firebase-database:19.6.0] AndroidManifest.xml:32:13-34:85
142                android:name="com.google.firebase.components:com.google.firebase.database.DatabaseRegistrar"
142-->[com.google.firebase:firebase-database:19.6.0] AndroidManifest.xml:33:17-109
143                android:value="com.google.firebase.components.ComponentRegistrar" />
143-->[com.google.firebase:firebase-database:19.6.0] AndroidManifest.xml:34:17-82
144            <meta-data
144-->[com.google.firebase:firebase-iid:21.0.1] AndroidManifest.xml:32:13-34:85
145                android:name="com.google.firebase.components:com.google.firebase.iid.Registrar"
145-->[com.google.firebase:firebase-iid:21.0.1] AndroidManifest.xml:33:17-96
146                android:value="com.google.firebase.components.ComponentRegistrar" />
146-->[com.google.firebase:firebase-iid:21.0.1] AndroidManifest.xml:34:17-82
147            <meta-data
147-->[com.google.android.gms:play-services-measurement-api:18.0.0] AndroidManifest.xml:30:13-32:85
148                android:name="com.google.firebase.components:com.google.firebase.analytics.connector.internal.AnalyticsConnectorRegistrar"
148-->[com.google.android.gms:play-services-measurement-api:18.0.0] AndroidManifest.xml:31:17-139
149                android:value="com.google.firebase.components.ComponentRegistrar" />
149-->[com.google.android.gms:play-services-measurement-api:18.0.0] AndroidManifest.xml:32:17-82
150            <meta-data
150-->[com.google.firebase:firebase-installations:16.3.5] AndroidManifest.xml:18:13-20:85
151                android:name="com.google.firebase.components:com.google.firebase.installations.FirebaseInstallationsRegistrar"
151-->[com.google.firebase:firebase-installations:16.3.5] AndroidManifest.xml:19:17-127
152                android:value="com.google.firebase.components.ComponentRegistrar" />
152-->[com.google.firebase:firebase-installations:16.3.5] AndroidManifest.xml:20:17-82
153            <meta-data
153-->[com.google.firebase:firebase-datatransport:17.0.10] AndroidManifest.xml:28:13-30:85
154                android:name="com.google.firebase.components:com.google.firebase.datatransport.TransportRegistrar"
154-->[com.google.firebase:firebase-datatransport:17.0.10] AndroidManifest.xml:29:17-115
155                android:value="com.google.firebase.components.ComponentRegistrar" />
155-->[com.google.firebase:firebase-datatransport:17.0.10] AndroidManifest.xml:30:17-82
156            <!--
157                This registrar is not defined in the dynamic-module-support sdk itself to allow non-firebase
158                clients to use it as well, by defining this registrar in their own core/common library.
159            -->
160            <meta-data
160-->[com.google.firebase:firebase-common:19.5.0] AndroidManifest.xml:43:13-45:85
161                android:name="com.google.firebase.components:com.google.firebase.dynamicloading.DynamicLoadingRegistrar"
161-->[com.google.firebase:firebase-common:19.5.0] AndroidManifest.xml:44:17-121
162                android:value="com.google.firebase.components.ComponentRegistrar" />
162-->[com.google.firebase:firebase-common:19.5.0] AndroidManifest.xml:45:17-82
163        </service>
164        <!--
165             FirebaseMessagingService performs security checks at runtime,
166             but set to not exported to explicitly avoid allowing another app to call it.
167        -->
168        <service
168-->[com.google.firebase:firebase-messaging:21.0.1] AndroidManifest.xml:28:9-35:19
169            android:name="com.google.firebase.messaging.FirebaseMessagingService"
169-->[com.google.firebase:firebase-messaging:21.0.1] AndroidManifest.xml:29:13-82
170            android:directBootAware="true"
170-->[com.google.firebase:firebase-messaging:21.0.1] AndroidManifest.xml:30:13-43
171            android:exported="false" >
171-->[com.google.firebase:firebase-messaging:21.0.1] AndroidManifest.xml:31:13-37
172            <intent-filter android:priority="-500" >
172-->src\main\AndroidManifest.xml:32:13-34:29
173                <action android:name="com.google.firebase.MESSAGING_EVENT" />
173-->src\main\AndroidManifest.xml:33:17-78
173-->src\main\AndroidManifest.xml:33:25-75
174            </intent-filter>
175        </service>
176
177        <activity
177-->[com.google.android.gms:play-services-auth:19.0.0] AndroidManifest.xml:23:9-27:75
178            android:name="com.google.android.gms.auth.api.signin.internal.SignInHubActivity"
178-->[com.google.android.gms:play-services-auth:19.0.0] AndroidManifest.xml:24:13-93
179            android:excludeFromRecents="true"
179-->[com.google.android.gms:play-services-auth:19.0.0] AndroidManifest.xml:25:13-46
180            android:exported="false"
180-->[com.google.android.gms:play-services-auth:19.0.0] AndroidManifest.xml:26:13-37
181            android:theme="@android:style/Theme.Translucent.NoTitleBar" />
181-->[com.google.android.gms:play-services-auth:19.0.0] AndroidManifest.xml:27:13-72
182        <!--
183            Service handling Google Sign-In user revocation. For apps that do not integrate with
184            Google Sign-In, this service will never be started.
185        -->
186        <service
186-->[com.google.android.gms:play-services-auth:19.0.0] AndroidManifest.xml:33:9-37:51
187            android:name="com.google.android.gms.auth.api.signin.RevocationBoundService"
187-->[com.google.android.gms:play-services-auth:19.0.0] AndroidManifest.xml:34:13-89
188            android:exported="true"
188-->[com.google.android.gms:play-services-auth:19.0.0] AndroidManifest.xml:35:13-36
189            android:permission="com.google.android.gms.auth.api.signin.permission.REVOCATION_NOTIFICATION"
189-->[com.google.android.gms:play-services-auth:19.0.0] AndroidManifest.xml:36:13-107
190            android:visibleToInstantApps="true" />
190-->[com.google.android.gms:play-services-auth:19.0.0] AndroidManifest.xml:37:13-48
191
192        <receiver
192-->[com.google.firebase:firebase-iid:21.0.1] AndroidManifest.xml:37:9-44:20
193            android:name="com.google.firebase.iid.FirebaseInstanceIdReceiver"
193-->[com.google.firebase:firebase-iid:21.0.1] AndroidManifest.xml:38:13-78
194            android:exported="true"
194-->[com.google.firebase:firebase-iid:21.0.1] AndroidManifest.xml:39:13-36
195            android:permission="com.google.android.c2dm.permission.SEND" >
195-->[com.google.firebase:firebase-iid:21.0.1] AndroidManifest.xml:40:13-73
196            <intent-filter>
196-->[com.google.firebase:firebase-iid:21.0.1] AndroidManifest.xml:41:13-43:29
197                <action android:name="com.google.android.c2dm.intent.RECEIVE" />
197-->[com.google.firebase:firebase-iid:21.0.1] AndroidManifest.xml:42:17-81
197-->[com.google.firebase:firebase-iid:21.0.1] AndroidManifest.xml:42:25-78
198            </intent-filter>
199        </receiver>
200
201        <activity
201-->[com.google.android.gms:play-services-base:17.1.0] AndroidManifest.xml:23:9-26:75
202            android:name="com.google.android.gms.common.api.GoogleApiActivity"
202-->[com.google.android.gms:play-services-base:17.1.0] AndroidManifest.xml:24:13-79
203            android:exported="false"
203-->[com.google.android.gms:play-services-base:17.1.0] AndroidManifest.xml:25:13-37
204            android:theme="@android:style/Theme.Translucent.NoTitleBar" />
204-->[com.google.android.gms:play-services-base:17.1.0] AndroidManifest.xml:26:13-72
205
206        <provider
206-->[com.google.firebase:firebase-common:19.5.0] AndroidManifest.xml:26:9-31:39
207            android:name="com.google.firebase.provider.FirebaseInitProvider"
207-->[com.google.firebase:firebase-common:19.5.0] AndroidManifest.xml:27:13-77
208            android:authorities="com.ates.bookguide.firebaseinitprovider"
208-->[com.google.firebase:firebase-common:19.5.0] AndroidManifest.xml:28:13-72
209            android:directBootAware="true"
209-->[com.google.firebase:firebase-common:19.5.0] AndroidManifest.xml:29:13-43
210            android:exported="false"
210-->[com.google.firebase:firebase-common:19.5.0] AndroidManifest.xml:30:13-37
211            android:initOrder="100" />
211-->[com.google.firebase:firebase-common:19.5.0] AndroidManifest.xml:31:13-36
212
213        <receiver
213-->[com.google.android.gms:play-services-measurement:18.0.0] AndroidManifest.xml:29:9-33:20
214            android:name="com.google.android.gms.measurement.AppMeasurementReceiver"
214-->[com.google.android.gms:play-services-measurement:18.0.0] AndroidManifest.xml:30:13-85
215            android:enabled="true"
215-->[com.google.android.gms:play-services-measurement:18.0.0] AndroidManifest.xml:31:13-35
216            android:exported="false" >
216-->[com.google.android.gms:play-services-measurement:18.0.0] AndroidManifest.xml:32:13-37
217        </receiver>
218
219        <service
219-->[com.google.android.gms:play-services-measurement:18.0.0] AndroidManifest.xml:35:9-38:40
220            android:name="com.google.android.gms.measurement.AppMeasurementService"
220-->[com.google.android.gms:play-services-measurement:18.0.0] AndroidManifest.xml:36:13-84
221            android:enabled="true"
221-->[com.google.android.gms:play-services-measurement:18.0.0] AndroidManifest.xml:37:13-35
222            android:exported="false" />
222-->[com.google.android.gms:play-services-measurement:18.0.0] AndroidManifest.xml:38:13-37
223        <service
223-->[com.google.android.gms:play-services-measurement:18.0.0] AndroidManifest.xml:39:9-43:72
224            android:name="com.google.android.gms.measurement.AppMeasurementJobService"
224-->[com.google.android.gms:play-services-measurement:18.0.0] AndroidManifest.xml:40:13-87
225            android:enabled="true"
225-->[com.google.android.gms:play-services-measurement:18.0.0] AndroidManifest.xml:41:13-35
226            android:exported="false"
226-->[com.google.android.gms:play-services-measurement:18.0.0] AndroidManifest.xml:42:13-37
227            android:permission="android.permission.BIND_JOB_SERVICE" />
227-->[com.google.android.gms:play-services-measurement:18.0.0] AndroidManifest.xml:43:13-69
228
229        <meta-data
229-->[com.google.android.gms:play-services-basement:17.1.1] AndroidManifest.xml:23:9-25:69
230            android:name="com.google.android.gms.version"
230-->[com.google.android.gms:play-services-basement:17.1.1] AndroidManifest.xml:24:13-58
231            android:value="@integer/google_play_services_version" />
231-->[com.google.android.gms:play-services-basement:17.1.1] AndroidManifest.xml:25:13-66
232
233        <service
233-->[com.google.android.datatransport:transport-backend-cct:2.3.3] AndroidManifest.xml:29:9-35:19
234            android:name="com.google.android.datatransport.runtime.backends.TransportBackendDiscovery"
234-->[com.google.android.datatransport:transport-backend-cct:2.3.3] AndroidManifest.xml:30:13-103
235            android:exported="false" >
235-->[com.google.android.datatransport:transport-backend-cct:2.3.3] AndroidManifest.xml:31:13-37
236            <meta-data
236-->[com.google.android.datatransport:transport-backend-cct:2.3.3] AndroidManifest.xml:32:13-34:39
237                android:name="backend:com.google.android.datatransport.cct.CctBackendFactory"
237-->[com.google.android.datatransport:transport-backend-cct:2.3.3] AndroidManifest.xml:33:17-94
238                android:value="cct" />
238-->[com.google.android.datatransport:transport-backend-cct:2.3.3] AndroidManifest.xml:34:17-36
239        </service>
240        <service
240-->[com.google.android.datatransport:transport-runtime:2.2.5] AndroidManifest.xml:26:9-30:19
241            android:name="com.google.android.datatransport.runtime.scheduling.jobscheduling.JobInfoSchedulerService"
241-->[com.google.android.datatransport:transport-runtime:2.2.5] AndroidManifest.xml:27:13-117
242            android:exported="false"
242-->[com.google.android.datatransport:transport-runtime:2.2.5] AndroidManifest.xml:28:13-37
243            android:permission="android.permission.BIND_JOB_SERVICE" >
243-->[com.google.android.datatransport:transport-runtime:2.2.5] AndroidManifest.xml:29:13-69
244        </service>
245
246        <receiver
246-->[com.google.android.datatransport:transport-runtime:2.2.5] AndroidManifest.xml:32:9-34:40
247            android:name="com.google.android.datatransport.runtime.scheduling.jobscheduling.AlarmManagerSchedulerBroadcastReceiver"
247-->[com.google.android.datatransport:transport-runtime:2.2.5] AndroidManifest.xml:33:13-132
248            android:exported="false" />
248-->[com.google.android.datatransport:transport-runtime:2.2.5] AndroidManifest.xml:34:13-37
249    </application>
250
251</manifest>